#
# A fatal error has been detected by the Java Runtime Environment:
#
#  EXCEPTION_ACCESS_VIOLATION (0xc0000005) at pc=0x00007ffdb43b6407, pid=11092, tid=12204
#
# JRE version: OpenJDK Runtime Environment Corretto-19.0.2.7.1 (19.0.2+7) (build 19.0.2+7-FR)
# Java VM: OpenJDK 64-Bit Server VM Corretto-19.0.2.7.1 (19.0.2+7-FR, mixed mode, sharing, tiered, compressed oops, compressed class ptrs, g1 gc, windows-amd64)
# Problematic frame:
# C  [glass.dll+0x26407]
#
# No core dump will be written. Minidumps are not enabled by default on client versions of Windows
#
# If you would like to submit a bug report, please visit:
#   https://github.com/corretto/corretto-19/issues/
#

---------------  S U M M A R Y ------------

Command Line: -javaagent:C:\Users\vapil\AppData\Local\Programs\IntelliJ IDEA Community Edition\lib\idea_rt.jar=61522:C:\Users\vapil\AppData\Local\Programs\IntelliJ IDEA Community Edition\bin -Dfile.encoding=UTF-8 -Dsun.stdout.encoding=UTF-8 -Dsun.stderr.encoding=UTF-8 --module-path=C:\Users\vapil\.m2\repository\org\openjfx\javafx-controls\19.0.2\javafx-controls-19.0.2-win.jar;C:\Users\vapil\.m2\repository\org\openjfx\javafx-graphics\19.0.2\javafx-graphics-19.0.2-win.jar;E:\college\kursach\kursach\kursach\target\classes;C:\Users\vapil\.m2\repository\org\openjfx\javafx-fxml\19.0.2\javafx-fxml-19.0.2-win.jar;C:\Users\vapil\.m2\repository\org\openjfx\javafx-base\19.0.2\javafx-base-19.0.2-win.jar -Djdk.module.main=com.example.kursach com.example.kursach/com.example.kursach.main

Host: 12th Gen Intel(R) Core(TM) i5-1235U, 12 cores, 7G,  Windows 11 , 64 bit Build 22621 (10.0.22621.2428)
Time: Sun Nov  5 17:50:20 2023 RTZ 2 (s 11 , 64 bit Build 22621 (10.0.22621.2428) elapsed time: 121.448092 seconds (0d 0h 2m 1s)

---------------  T H R E A D  ---------------

Current thread (0x0000023057e0e560):  VMThread "VM Thread" [stack: 0x0000003ab2900000,0x0000003ab2a00000] [id=12204]

Stack: [0x0000003ab2900000,0x0000003ab2a00000],  sp=0x0000003ab29fef70,  free space=1019k
Native frames: (J=compiled Java code, j=interpreted, Vv=VM code, C=native code)
C  [glass.dll+0x26407]


siginfo: EXCEPTION_ACCESS_VIOLATION (0xc0000005), reading address 0x0000000000000000


Registers:
RAX=0x0000000000000000, RBX=0x0000023057e1b120, RCX=0x0000023057e0e560, RDX=0x0000003ab29fef70
RSP=0x0000003ab29fef70, RBP=0x000002305d905198, RSI=0x0000003ab29ff078, RDI=0x000002305d905170
R8 =0x0000000000010002, R9 =0x000002305d905170, R10=0x85f13e9656da4870, R11=0x0000003ab29fef00
R12=0x00007ffdb43b3d40, R13=0x00007ffd4b43ff20, R14=0x000048e588a6b4cf, R15=0x000002305d905170
RIP=0x00007ffdb43b6407, EFLAGS=0x0000000000010202


Register to memory mapping:

RIP=0x00007ffdb43b6407 glass.dll
RAX=0x0 is NULL
RBX=0x0000023057e1b120 is a global jni handle
RCX=0x0000023057e0e560 points into unknown readable memory: 0x00007ffd4b2734f8 | f8 34 27 4b fd 7f 00 00
RDX=0x0000003ab29fef70 points into unknown readable memory: 0x0000000000000000 | 00 00 00 00 00 00 00 00
RSP=0x0000003ab29fef70 points into unknown readable memory: 0x0000000000000000 | 00 00 00 00 00 00 00 00
RBP=0x000002305d905198 points into unknown readable memory: 0x000048e588a6b4cf | cf b4 a6 88 e5 48 00 00
RSI=0x0000003ab29ff078 points into unknown readable memory: 0x0000003ab29ff060 | 60 f0 9f b2 3a 00 00 00
RDI=0x000002305d905170 points into unknown readable memory: 0x3ffe92f8148ab4cf | cf b4 8a 14 f8 92 fe 3f
R8 =0x0000000000010002 is an unknown value
R9 =0x000002305d905170 points into unknown readable memory: 0x3ffe92f8148ab4cf | cf b4 8a 14 f8 92 fe 3f
R10=0x85f13e9656da4870 is an unknown value
R11=0x0000003ab29fef00 points into unknown readable memory: 0x000002305d905170 | 70 51 90 5d 30 02 00 00
R12=0x00007ffdb43b3d40 glass.dll
R13=0x00007ffd4b43ff20 jvm.dll
R14=0x000048e588a6b4cf is an unknown value
R15=0x000002305d905170 points into unknown readable memory: 0x3ffe92f8148ab4cf | cf b4 8a 14 f8 92 fe 3f


Top of Stack: (sp=0x0000003ab29fef70)
0x0000003ab29fef70:   0000000000000000 0000003ab29ff078
0x0000003ab29fef80:   00007ffd4b43ff20 00007ffdb43b3d40
0x0000003ab29fef90:   000002305d905178 00007ffdd2463a83
0x0000003ab29fefa0:   000002305d905170 0000023000000000
0x0000003ab29fefb0:   000002305d905198 0000003ab29ff078
0x0000003ab29fefc0:   fffffffffffffffe 0000000000000000
0x0000003ab29fefd0:   0000000000000001 00007ffdb4390000
0x0000003ab29fefe0:   0000003ab29ff068 00007ffdd243006e
0x0000003ab29feff0:   0000000000000000 0000003ab29ff078
0x0000003ab29ff000:   0000003ab29ff360 0000000000000001
0x0000003ab29ff010:   0000000000000001 00007ffdd242da1d
0x0000003ab29ff020:   0000000000000000 00007ffdb43b3539
0x0000003ab29ff030:   00007ffdce135ed0 0000003ab29ff068
0x0000003ab29ff040:   fffffffffffffffe 0000003ab29ff030
0x0000003ab29ff050:   0000000000000000 00007ffdb43b3bcd
0x0000003ab29ff060:   00007ffdb43c9f88 00007ffd00000002 

Instructions: (pc=0x00007ffdb43b6407)
0x00007ffdb43b6307:   8b 4d 58 e8 7d cf ff ff 48 8b 4d 60 e8 74 cf ff
0x00007ffdb43b6317:   ff 48 8b 95 80 00 00 00 48 8b 8d 18 01 00 00 e8
0x00007ffdb43b6327:   66 c4 ff ff 33 d2 33 c9 e8 bc e1 ff ff 90 48 89
0x00007ffdb43b6337:   54 24 10 55 48 83 ec 20 48 8b ea 48 b8 00 00 00
0x00007ffdb43b6347:   00 00 00 00 00 48 83 c4 20 5d c3 cc 40 55 48 8b
0x00007ffdb43b6357:   ea 48 8b 01 33 c9 81 38 05 00 00 c0 0f 94 c1 8b
0x00007ffdb43b6367:   c1 5d c3 cc 40 55 48 83 ec 20 48 8b ea 8a 4d 40
0x00007ffdb43b6377:   48 83 c4 20 5d e9 63 d3 ff ff cc 40 55 48 83 ec
0x00007ffdb43b6387:   20 48 8b ea 8a 4d 20 e8 51 d3 ff ff 90 48 83 c4
0x00007ffdb43b6397:   20 5d c3 cc 40 55 48 83 ec 20 48 8b ea 48 83 c4
0x00007ffdb43b63a7:   20 5d e9 b2 d1 ff ff cc 40 55 48 83 ec 30 48 8b
0x00007ffdb43b63b7:   ea 48 8b 01 8b 10 48 89 4c 24 28 89 54 24 20 4c
0x00007ffdb43b63c7:   8d 0d 53 d6 ff ff 4c 8b 45 70 8b 55 68 48 8b 4d
0x00007ffdb43b63d7:   60 e8 f3 d0 ff ff 90 48 83 c4 30 5d c3 cc cc cc
0x00007ffdb43b63e7:   cc cc cc cc cc cc cc cc cc 40 53 48 83 ec 20 48
0x00007ffdb43b63f7:   8b 1d 8b 35 01 00 48 85 db 74 16 e8 79 8b ff ff
0x00007ffdb43b6407:   4c 8b 00 48 8b d3 48 8b c8 41 ff 90 b0 00 00 00
0x00007ffdb43b6417:   90 48 83 c4 20 5b c3 cc cc 40 53 48 83 ec 20 48
0x00007ffdb43b6427:   8b 1d fb 36 01 00 48 85 db 74 57 b8 ff ff ff ff
0x00007ffdb43b6437:   f0 0f c1 43 10 83 f8 01 75 3d 48 85 db 74 38 48
0x00007ffdb43b6447:   8b 0b 48 85 c9 74 0d ff 15 54 0e 00 00 48 c7 03
0x00007ffdb43b6457:   00 00 00 00 48 8b 4b 08 48 85 c9 74 0d e8 23 ce
0x00007ffdb43b6467:   ff ff 48 c7 43 08 00 00 00 00 ba 18 00 00 00 48
0x00007ffdb43b6477:   8b cb e8 0e ce ff ff 48 c7 05 9f 36 01 00 00 00
0x00007ffdb43b6487:   00 00 48 83 c4 20 5b c3 cc 40 53 48 83 ec 20 48
0x00007ffdb43b6497:   8b 1d 6b 36 01 00 48 85 db 74 57 b8 ff ff ff ff
0x00007ffdb43b64a7:   f0 0f c1 43 10 83 f8 01 75 3d 48 85 db 74 38 48
0x00007ffdb43b64b7:   8b 0b 48 85 c9 74 0d ff 15 e4 0d 00 00 48 c7 03
0x00007ffdb43b64c7:   00 00 00 00 48 8b 4b 08 48 85 c9 74 0d e8 b3 cd
0x00007ffdb43b64d7:   ff ff 48 c7 43 08 00 00 00 00 ba 18 00 00 00 48
0x00007ffdb43b64e7:   8b cb e8 9e cd ff ff 48 c7 05 0f 36 01 00 00 00
0x00007ffdb43b64f7:   00 00 48 83 c4 20 5b c3 cc 40 53 48 83 ec 20 48 


Stack slot to memory mapping:
stack at sp + 0 slots: 0x0 is NULL
stack at sp + 1 slots: 0x0000003ab29ff078 points into unknown readable memory: 0x0000003ab29ff060 | 60 f0 9f b2 3a 00 00 00
stack at sp + 2 slots: 0x00007ffd4b43ff20 jvm.dll
stack at sp + 3 slots: 0x00007ffdb43b3d40 glass.dll
stack at sp + 4 slots: 0x000002305d905178 points into unknown readable memory: 0x000048e588a6b4cf | cf b4 a6 88 e5 48 00 00
stack at sp + 5 slots: 0x00007ffdd2463a83 ucrtbase.dll
stack at sp + 6 slots: 0x000002305d905170 points into unknown readable memory: 0x3ffe92f8148ab4cf | cf b4 8a 14 f8 92 fe 3f
stack at sp + 7 slots: 0x0000023000000000 is an unknown value

VM_Operation (0x0000003ab20fef50): Exit, mode: safepoint, requested by thread 0x000002305dca5840


---------------  P R O C E S S  ---------------

Threads class SMR info:
_java_thread_list=0x000002305c61f350, length=20, elements={
0x0000023039132eb0, 0x0000023057e26910, 0x0000023057e27110, 0x0000023057e2d340,
0x0000023057e2d880, 0x0000023057e2e3d0, 0x0000023057e40620, 0x0000023057e40ba0,
0x0000023057e4a550, 0x000002305c0c3a30, 0x000002305c2aa810, 0x000002305c3e6030,
0x000002305c996060, 0x000002305c1ed5d0, 0x000002305d906f30, 0x000002305da925d0,
0x000002305db0fb30, 0x000002305dca7820, 0x000002305dca82c0, 0x000002305dca5840
}

Java Threads: ( => current thread )
  0x0000023039132eb0 JavaThread "main" [_thread_blocked, id=1512, stack(0x0000003ab2300000,0x0000003ab2400000)]
  0x0000023057e26910 JavaThread "Reference Handler" daemon [_thread_blocked, id=9224, stack(0x0000003ab2a00000,0x0000003ab2b00000)]
  0x0000023057e27110 JavaThread "Finalizer" daemon [_thread_blocked, id=18596, stack(0x0000003ab2b00000,0x0000003ab2c00000)]
  0x0000023057e2d340 JavaThread "Attach Listener" daemon [_thread_blocked, id=9708, stack(0x0000003ab2d00000,0x0000003ab2e00000)]
  0x0000023057e2d880 JavaThread "Service Thread" daemon [_thread_blocked, id=10780, stack(0x0000003ab2e00000,0x0000003ab2f00000)]
  0x0000023057e2e3d0 JavaThread "Monitor Deflation Thread" daemon [_thread_blocked, id=4600, stack(0x0000003ab2f00000,0x0000003ab3000000)]
  0x0000023057e40620 JavaThread "C2 CompilerThread0" daemon [_thread_blocked, id=15260, stack(0x0000003ab3000000,0x0000003ab3100000)]
  0x0000023057e40ba0 JavaThread "C1 CompilerThread0" daemon [_thread_blocked, id=18044, stack(0x0000003ab3100000,0x0000003ab3200000)]
  0x0000023057e4a550 JavaThread "Sweeper thread" daemon [_thread_blocked, id=12488, stack(0x0000003ab3200000,0x0000003ab3300000)]
  0x000002305c0c3a30 JavaThread "Common-Cleaner" daemon [_thread_blocked, id=19388, stack(0x0000003ab3300000,0x0000003ab3400000)]
  0x000002305c2aa810 JavaThread "Monitor Ctrl-Break" daemon [_thread_in_native, id=10428, stack(0x0000003ab3600000,0x0000003ab3700000)]
  0x000002305c3e6030 JavaThread "Notification Thread" daemon [_thread_blocked, id=3648, stack(0x0000003ab3700000,0x0000003ab3800000)]
  0x000002305c996060 JavaThread "QuantumRenderer-0" daemon [_thread_blocked, id=6112, stack(0x0000003ab3900000,0x0000003ab3a00000)]
  0x000002305c1ed5d0 JavaThread "InvokeLaterDispatcher" daemon [_thread_blocked, id=13356, stack(0x0000003ab3500000,0x0000003ab3600000)]
  0x000002305d906f30 JavaThread "JavaFX Application Thread" [_thread_in_native, id=17024, stack(0x0000003ab3e00000,0x0000003ab3f00000)]
  0x000002305da925d0 JavaThread "JavaFX-Launcher" [_thread_blocked, id=16584, stack(0x0000003ab4100000,0x0000003ab4200000)]
  0x000002305db0fb30 JavaThread "Thread-2" daemon [_thread_in_native, id=17064, stack(0x0000003ab4000000,0x0000003ab4100000)]
  0x000002305dca7820 JavaThread "Prism Font Disposer" daemon [_thread_blocked, id=2396, stack(0x0000003ab4700000,0x0000003ab4800000)]
  0x000002305dca82c0 JavaThread "Cleaner-0" daemon [_thread_blocked, id=528, stack(0x0000003ab4f00000,0x0000003ab5000000)]
  0x000002305dca5840 JavaThread "SIGINT handler" daemon [_thread_blocked, id=19192, stack(0x0000003ab2000000,0x0000003ab2100000)]

Other Threads:
=>0x0000023057e0e560 VMThread "VM Thread" [stack: 0x0000003ab2900000,0x0000003ab2a00000] [id=12204]
  0x0000023039190ce0 WorkerThread "GC Thread#0" [stack: 0x0000003ab2400000,0x0000003ab2500000] [id=3436]
  0x000002305db23230 WorkerThread "GC Thread#1" [stack: 0x0000003ab4200000,0x0000003ab4300000] [id=13096]
  0x000002305db22c90 WorkerThread "GC Thread#2" [stack: 0x0000003ab4300000,0x0000003ab4400000] [id=15764]
  0x000002305db24310 WorkerThread "GC Thread#3" [stack: 0x0000003ab4400000,0x0000003ab4500000] [id=10948]
  0x000002305db23d70 WorkerThread "GC Thread#4" [stack: 0x0000003ab4500000,0x0000003ab4600000] [id=5956]
  0x000002305db24040 WorkerThread "GC Thread#5" [stack: 0x0000003ab4600000,0x0000003ab4700000] [id=5540]
  0x000002305db22f60 WorkerThread "GC Thread#6" [stack: 0x0000003ab4b00000,0x0000003ab4c00000] [id=15924]
  0x000002305db23500 WorkerThread "GC Thread#7" [stack: 0x0000003ab4c00000,0x0000003ab4d00000] [id=3124]
  0x000002305db237d0 WorkerThread "GC Thread#8" [stack: 0x0000003ab4d00000,0x0000003ab4e00000] [id=14208]
  0x000002305e2444e0 WorkerThread "GC Thread#9" [stack: 0x0000003ab4e00000,0x0000003ab4f00000] [id=5580]
  0x00000230391a14e0 ConcurrentGCThread "G1 Main Marker" terminated
  0x00000230391a36c0 WorkerThread "G1 Conc#0" [stack: 0x0000003ab2600000,0x0000003ab2700000] [id=8556]
  0x0000023057cc1540 ConcurrentGCThread "G1 Refine#0" terminated
  0x0000023057cc5bb0 ConcurrentGCThread "G1 Service" terminated

Threads with active compile tasks:

VM state: at safepoint (shutting down)

VM Mutex/Monitor currently owned by a thread:  ([mutex/lock_event])
[0x000002303912cf20] Threads_lock - owner thread: 0x0000023057e0e560
[0x000002303912d700] Heap_lock - owner thread: 0x000002305dca5840

Heap address: 0x0000000084800000, size: 1976 MB, Compressed Oops mode: 32-bit

CDS archive(s) mapped at: [0x0000000800000000-0x0000000800c40000-0x0000000800c40000), size 12845056, SharedBaseAddress: 0x0000000800000000, ArchiveRelocationMode: 0.
Compressed class space mapped at: 0x0000000801000000-0x0000000841000000, reserved size: 1073741824
Narrow klass base: 0x0000000800000000, Narrow klass shift: 0, Narrow klass range: 0x100000000

GC Precious Log:
 CardTable entry size: 512
 Card Set container configuration: InlinePtr #cards 5 size 8 Array Of Cards #cards 12 size 40 Howl #buckets 4 coarsen threshold 1843 Howl Bitmap #cards 512 size 80 coarsen threshold 460 Card regions per heap region 1 cards per card region 2048
 CPUs: 12 total, 12 available
 Memory: 7896M
 Large Page Support: Disabled
 NUMA Support: Disabled
 Compressed Oops: Enabled (32-bit)
 Heap Region Size: 1M
 Heap Min Capacity: 8M
 Heap Initial Capacity: 124M
 Heap Max Capacity: 1976M
 Pre-touch: Disabled
 Parallel Workers: 10
 Concurrent Workers: 3
 Concurrent Refinement Workers: 10
 Periodic GC: Disabled

Heap:
 garbage-first heap   total 126976K, used 57335K [0x0000000084800000, 0x0000000100000000)
  region size 1024K, 27 young (27648K), 4 survivors (4096K)
 Metaspace       used 18138K, committed 18432K, reserved 1114112K
  class space    used 2692K, committed 2816K, reserved 1048576K

Heap Regions: E=young(eden), S=young(survivor), O=old, HS=humongous(starts), HC=humongous(continues), CS=collection set, F=free, OA=open archive, CA=closed archive, TAMS=top-at-mark-start (previous, next)
|   0|0x0000000084800000, 0x0000000084900000, 0x0000000084900000|100%| O|  |TAMS 0x0000000084800000, 0x0000000084800000| Untracked 
|   1|0x0000000084900000, 0x0000000084a00000, 0x0000000084a00000|100%|HS|  |TAMS 0x0000000084900000, 0x0000000084900000| Complete 
|   2|0x0000000084a00000, 0x0000000084b00000, 0x0000000084b00000|100%|HC|  |TAMS 0x0000000084a00000, 0x0000000084a00000| Complete 
|   3|0x0000000084b00000, 0x0000000084c00000, 0x0000000084c00000|100%|HC|  |TAMS 0x0000000084b00000, 0x0000000084b00000| Complete 
|   4|0x0000000084c00000, 0x0000000084d00000, 0x0000000084d00000|100%|HC|  |TAMS 0x0000000084c00000, 0x0000000084c00000| Complete 
|   5|0x0000000084d00000, 0x0000000084e00000, 0x0000000084e00000|100%|HS|  |TAMS 0x0000000084d00000, 0x0000000084d00000| Complete 
|   6|0x0000000084e00000, 0x0000000084f00000, 0x0000000084f00000|100%|HC|  |TAMS 0x0000000084e00000, 0x0000000084e00000| Complete 
|   7|0x0000000084f00000, 0x0000000085000000, 0x0000000085000000|100%|HS|  |TAMS 0x0000000084f00000, 0x0000000084f00000| Complete 
|   8|0x0000000085000000, 0x0000000085100000, 0x0000000085100000|100%|HC|  |TAMS 0x0000000085000000, 0x0000000085000000| Complete 
|   9|0x0000000085100000, 0x0000000085200000, 0x0000000085200000|100%|HS|  |TAMS 0x0000000085100000, 0x0000000085100000| Complete 
|  10|0x0000000085200000, 0x0000000085300000, 0x0000000085300000|100%|HC|  |TAMS 0x0000000085200000, 0x0000000085200000| Complete 
|  11|0x0000000085300000, 0x0000000085400000, 0x0000000085400000|100%| O|  |TAMS 0x0000000085300000, 0x0000000085300000| Untracked 
|  12|0x0000000085400000, 0x0000000085500000, 0x0000000085500000|100%| O|  |TAMS 0x0000000085400000, 0x0000000085400000| Untracked 
|  13|0x0000000085500000, 0x0000000085512200, 0x0000000085600000|  7%| O|  |TAMS 0x0000000085500000, 0x0000000085500000| Untracked 
|  14|0x0000000085600000, 0x0000000085700000, 0x0000000085700000|100%|HS|  |TAMS 0x0000000085600000, 0x0000000085600000| Complete 
|  15|0x0000000085700000, 0x0000000085800000, 0x0000000085800000|100%|HC|  |TAMS 0x0000000085700000, 0x0000000085700000| Complete 
|  16|0x0000000085800000, 0x0000000085900000, 0x0000000085900000|100%|HS|  |TAMS 0x0000000085800000, 0x0000000085800000| Complete 
|  17|0x0000000085900000, 0x0000000085a00000, 0x0000000085a00000|100%|HC|  |TAMS 0x0000000085900000, 0x0000000085900000| Complete 
|  18|0x0000000085a00000, 0x0000000085b00000, 0x0000000085b00000|100%|HS|  |TAMS 0x0000000085a00000, 0x0000000085a00000| Complete 
|  19|0x0000000085b00000, 0x0000000085c00000, 0x0000000085c00000|100%|HC|  |TAMS 0x0000000085b00000, 0x0000000085b00000| Complete 
|  20|0x0000000085c00000, 0x0000000085d00000, 0x0000000085d00000|100%|HC|  |TAMS 0x0000000085c00000, 0x0000000085c00000| Complete 
|  21|0x0000000085d00000, 0x0000000085e00000, 0x0000000085e00000|100%|HC|  |TAMS 0x0000000085d00000, 0x0000000085d00000| Complete 
|  22|0x0000000085e00000, 0x0000000085f00000, 0x0000000085f00000|100%|HS|  |TAMS 0x0000000085e00000, 0x0000000085e00000| Complete 
|  23|0x0000000085f00000, 0x0000000086000000, 0x0000000086000000|100%|HC|  |TAMS 0x0000000085f00000, 0x0000000085f00000| Complete 
|  24|0x0000000086000000, 0x0000000086100000, 0x0000000086100000|100%|HC|  |TAMS 0x0000000086000000, 0x0000000086000000| Complete 
|  25|0x0000000086100000, 0x0000000086200000, 0x0000000086200000|100%|HC|  |TAMS 0x0000000086100000, 0x0000000086100000| Complete 
|  26|0x0000000086200000, 0x0000000086300000, 0x0000000086300000|100%|HS|  |TAMS 0x0000000086200000, 0x0000000086200000| Complete 
|  27|0x0000000086300000, 0x0000000086400000, 0x0000000086400000|100%|HC|  |TAMS 0x0000000086300000, 0x0000000086300000| Complete 
|  28|0x0000000086400000, 0x0000000086500000, 0x0000000086500000|100%|HS|  |TAMS 0x0000000086400000, 0x0000000086400000| Complete 
|  29|0x0000000086500000, 0x0000000086600000, 0x0000000086600000|100%|HC|  |TAMS 0x0000000086500000, 0x0000000086500000| Complete 
|  30|0x0000000086600000, 0x0000000086700000, 0x0000000086700000|100%|HS|  |TAMS 0x0000000086600000, 0x0000000086600000| Complete 
|  31|0x0000000086700000, 0x0000000086800000, 0x0000000086800000|100%|HC|  |TAMS 0x0000000086700000, 0x0000000086700000| Complete 
|  32|0x0000000086800000, 0x0000000086800000, 0x0000000086900000|  0%| F|  |TAMS 0x0000000086800000, 0x0000000086800000| Untracked 
|  33|0x0000000086900000, 0x0000000086900000, 0x0000000086a00000|  0%| F|  |TAMS 0x0000000086900000, 0x0000000086900000| Untracked 
|  34|0x0000000086a00000, 0x0000000086a00000, 0x0000000086b00000|  0%| F|  |TAMS 0x0000000086a00000, 0x0000000086a00000| Untracked 
|  35|0x0000000086b00000, 0x0000000086b00000, 0x0000000086c00000|  0%| F|  |TAMS 0x0000000086b00000, 0x0000000086b00000| Untracked 
|  36|0x0000000086c00000, 0x0000000086c00000, 0x0000000086d00000|  0%| F|  |TAMS 0x0000000086c00000, 0x0000000086c00000| Untracked 
|  37|0x0000000086d00000, 0x0000000086d00000, 0x0000000086e00000|  0%| F|  |TAMS 0x0000000086d00000, 0x0000000086d00000| Untracked 
|  38|0x0000000086e00000, 0x0000000086e00000, 0x0000000086f00000|  0%| F|  |TAMS 0x0000000086e00000, 0x0000000086e00000| Untracked 
|  39|0x0000000086f00000, 0x0000000086f00000, 0x0000000087000000|  0%| F|  |TAMS 0x0000000086f00000, 0x0000000086f00000| Untracked 
|  40|0x0000000087000000, 0x0000000087000000, 0x0000000087100000|  0%| F|  |TAMS 0x0000000087000000, 0x0000000087000000| Untracked 
|  41|0x0000000087100000, 0x0000000087100000, 0x0000000087200000|  0%| F|  |TAMS 0x0000000087100000, 0x0000000087100000| Untracked 
|  42|0x0000000087200000, 0x0000000087200000, 0x0000000087300000|  0%| F|  |TAMS 0x0000000087200000, 0x0000000087200000| Untracked 
|  43|0x0000000087300000, 0x0000000087300000, 0x0000000087400000|  0%| F|  |TAMS 0x0000000087300000, 0x0000000087300000| Untracked 
|  44|0x0000000087400000, 0x0000000087400000, 0x0000000087500000|  0%| F|  |TAMS 0x0000000087400000, 0x0000000087400000| Untracked 
|  45|0x0000000087500000, 0x0000000087500000, 0x0000000087600000|  0%| F|  |TAMS 0x0000000087500000, 0x0000000087500000| Untracked 
|  46|0x0000000087600000, 0x0000000087600000, 0x0000000087700000|  0%| F|  |TAMS 0x0000000087600000, 0x0000000087600000| Untracked 
|  47|0x0000000087700000, 0x0000000087700000, 0x0000000087800000|  0%| F|  |TAMS 0x0000000087700000, 0x0000000087700000| Untracked 
|  48|0x0000000087800000, 0x0000000087800000, 0x0000000087900000|  0%| F|  |TAMS 0x0000000087800000, 0x0000000087800000| Untracked 
|  49|0x0000000087900000, 0x0000000087900000, 0x0000000087a00000|  0%| F|  |TAMS 0x0000000087900000, 0x0000000087900000| Untracked 
|  50|0x0000000087a00000, 0x0000000087a00000, 0x0000000087b00000|  0%| F|  |TAMS 0x0000000087a00000, 0x0000000087a00000| Untracked 
|  51|0x0000000087b00000, 0x0000000087b00000, 0x0000000087c00000|  0%| F|  |TAMS 0x0000000087b00000, 0x0000000087b00000| Untracked 
|  52|0x0000000087c00000, 0x0000000087c00000, 0x0000000087d00000|  0%| F|  |TAMS 0x0000000087c00000, 0x0000000087c00000| Untracked 
|  53|0x0000000087d00000, 0x0000000087d00000, 0x0000000087e00000|  0%| F|  |TAMS 0x0000000087d00000, 0x0000000087d00000| Untracked 
|  54|0x0000000087e00000, 0x0000000087e00000, 0x0000000087f00000|  0%| F|  |TAMS 0x0000000087e00000, 0x0000000087e00000| Untracked 
|  55|0x0000000087f00000, 0x0000000087f00000, 0x0000000088000000|  0%| F|  |TAMS 0x0000000087f00000, 0x0000000087f00000| Untracked 
|  56|0x0000000088000000, 0x0000000088000000, 0x0000000088100000|  0%| F|  |TAMS 0x0000000088000000, 0x0000000088000000| Untracked 
|  57|0x0000000088100000, 0x0000000088100000, 0x0000000088200000|  0%| F|  |TAMS 0x0000000088100000, 0x0000000088100000| Untracked 
|  58|0x0000000088200000, 0x0000000088200000, 0x0000000088300000|  0%| F|  |TAMS 0x0000000088200000, 0x0000000088200000| Untracked 
|  59|0x0000000088300000, 0x0000000088300000, 0x0000000088400000|  0%| F|  |TAMS 0x0000000088300000, 0x0000000088300000| Untracked 
|  60|0x0000000088400000, 0x0000000088400000, 0x0000000088500000|  0%| F|  |TAMS 0x0000000088400000, 0x0000000088400000| Untracked 
|  61|0x0000000088500000, 0x0000000088500000, 0x0000000088600000|  0%| F|  |TAMS 0x0000000088500000, 0x0000000088500000| Untracked 
|  62|0x0000000088600000, 0x0000000088600000, 0x0000000088700000|  0%| F|  |TAMS 0x0000000088600000, 0x0000000088600000| Untracked 
|  63|0x0000000088700000, 0x0000000088700000, 0x0000000088800000|  0%| F|  |TAMS 0x0000000088700000, 0x0000000088700000| Untracked 
|  64|0x0000000088800000, 0x0000000088800000, 0x0000000088900000|  0%| F|  |TAMS 0x0000000088800000, 0x0000000088800000| Untracked 
|  65|0x0000000088900000, 0x0000000088900000, 0x0000000088a00000|  0%| F|  |TAMS 0x0000000088900000, 0x0000000088900000| Untracked 
|  66|0x0000000088a00000, 0x0000000088a00000, 0x0000000088b00000|  0%| F|  |TAMS 0x0000000088a00000, 0x0000000088a00000| Untracked 
|  67|0x0000000088b00000, 0x0000000088b00000, 0x0000000088c00000|  0%| F|  |TAMS 0x0000000088b00000, 0x0000000088b00000| Untracked 
|  68|0x0000000088c00000, 0x0000000088c00000, 0x0000000088d00000|  0%| F|  |TAMS 0x0000000088c00000, 0x0000000088c00000| Untracked 
|  69|0x0000000088d00000, 0x0000000088d00000, 0x0000000088e00000|  0%| F|  |TAMS 0x0000000088d00000, 0x0000000088d00000| Untracked 
|  70|0x0000000088e00000, 0x0000000088e00000, 0x0000000088f00000|  0%| F|  |TAMS 0x0000000088e00000, 0x0000000088e00000| Untracked 
|  71|0x0000000088f00000, 0x0000000088f00000, 0x0000000089000000|  0%| F|  |TAMS 0x0000000088f00000, 0x0000000088f00000| Untracked 
|  72|0x0000000089000000, 0x0000000089000000, 0x0000000089100000|  0%| F|  |TAMS 0x0000000089000000, 0x0000000089000000| Untracked 
|  73|0x0000000089100000, 0x0000000089100000, 0x0000000089200000|  0%| F|  |TAMS 0x0000000089100000, 0x0000000089100000| Untracked 
|  74|0x0000000089200000, 0x0000000089200000, 0x0000000089300000|  0%| F|  |TAMS 0x0000000089200000, 0x0000000089200000| Untracked 
|  75|0x0000000089300000, 0x0000000089300000, 0x0000000089400000|  0%| F|  |TAMS 0x0000000089300000, 0x0000000089300000| Untracked 
|  76|0x0000000089400000, 0x0000000089400000, 0x0000000089500000|  0%| F|  |TAMS 0x0000000089400000, 0x0000000089400000| Untracked 
|  77|0x0000000089500000, 0x0000000089500000, 0x0000000089600000|  0%| F|  |TAMS 0x0000000089500000, 0x0000000089500000| Untracked 
|  78|0x0000000089600000, 0x0000000089600000, 0x0000000089700000|  0%| F|  |TAMS 0x0000000089600000, 0x0000000089600000| Untracked 
|  79|0x0000000089700000, 0x0000000089700000, 0x0000000089800000|  0%| F|  |TAMS 0x0000000089700000, 0x0000000089700000| Untracked 
|  80|0x0000000089800000, 0x0000000089800000, 0x0000000089900000|  0%| F|  |TAMS 0x0000000089800000, 0x0000000089800000| Untracked 
|  81|0x0000000089900000, 0x0000000089900000, 0x0000000089a00000|  0%| F|  |TAMS 0x0000000089900000, 0x0000000089900000| Untracked 
|  82|0x0000000089a00000, 0x0000000089a00000, 0x0000000089b00000|  0%| F|  |TAMS 0x0000000089a00000, 0x0000000089a00000| Untracked 
|  83|0x0000000089b00000, 0x0000000089b00000, 0x0000000089c00000|  0%| F|  |TAMS 0x0000000089b00000, 0x0000000089b00000| Untracked 
|  84|0x0000000089c00000, 0x0000000089ceba88, 0x0000000089d00000| 92%| S|CS|TAMS 0x0000000089c00000, 0x0000000089c00000| Complete 
|  85|0x0000000089d00000, 0x0000000089e00000, 0x0000000089e00000|100%| S|CS|TAMS 0x0000000089d00000, 0x0000000089d00000| Complete 
|  86|0x0000000089e00000, 0x0000000089f00000, 0x0000000089f00000|100%| S|CS|TAMS 0x0000000089e00000, 0x0000000089e00000| Complete 
|  87|0x0000000089f00000, 0x000000008a000000, 0x000000008a000000|100%| S|CS|TAMS 0x0000000089f00000, 0x0000000089f00000| Complete 
|  88|0x000000008a000000, 0x000000008a000000, 0x000000008a100000|  0%| F|  |TAMS 0x000000008a000000, 0x000000008a000000| Untracked 
|  89|0x000000008a100000, 0x000000008a100000, 0x000000008a200000|  0%| F|  |TAMS 0x000000008a100000, 0x000000008a100000| Untracked 
|  90|0x000000008a200000, 0x000000008a200000, 0x000000008a300000|  0%| F|  |TAMS 0x000000008a200000, 0x000000008a200000| Untracked 
|  91|0x000000008a300000, 0x000000008a300000, 0x000000008a400000|  0%| F|  |TAMS 0x000000008a300000, 0x000000008a300000| Untracked 
|  92|0x000000008a400000, 0x000000008a400000, 0x000000008a500000|  0%| F|  |TAMS 0x000000008a400000, 0x000000008a400000| Untracked 
|  93|0x000000008a500000, 0x000000008a500000, 0x000000008a600000|  0%| F|  |TAMS 0x000000008a500000, 0x000000008a500000| Untracked 
|  94|0x000000008a600000, 0x000000008a600000, 0x000000008a700000|  0%| F|  |TAMS 0x000000008a600000, 0x000000008a600000| Untracked 
|  95|0x000000008a700000, 0x000000008a700000, 0x000000008a800000|  0%| F|  |TAMS 0x000000008a700000, 0x000000008a700000| Untracked 
|  96|0x000000008a800000, 0x000000008a800000, 0x000000008a900000|  0%| F|  |TAMS 0x000000008a800000, 0x000000008a800000| Untracked 
|  97|0x000000008a900000, 0x000000008a900000, 0x000000008aa00000|  0%| F|  |TAMS 0x000000008a900000, 0x000000008a900000| Untracked 
|  98|0x000000008aa00000, 0x000000008aa00000, 0x000000008ab00000|  0%| F|  |TAMS 0x000000008aa00000, 0x000000008aa00000| Untracked 
|  99|0x000000008ab00000, 0x000000008ab00000, 0x000000008ac00000|  0%| F|  |TAMS 0x000000008ab00000, 0x000000008ab00000| Untracked 
| 100|0x000000008ac00000, 0x000000008ac00000, 0x000000008ad00000|  0%| F|  |TAMS 0x000000008ac00000, 0x000000008ac00000| Untracked 
| 101|0x000000008ad00000, 0x000000008ad66eb0, 0x000000008ae00000| 40%| E|  |TAMS 0x000000008ad00000, 0x000000008ad00000| Complete 
| 102|0x000000008ae00000, 0x000000008af00000, 0x000000008af00000|100%| E|CS|TAMS 0x000000008ae00000, 0x000000008ae00000| Complete 
| 103|0x000000008af00000, 0x000000008b000000, 0x000000008b000000|100%| E|CS|TAMS 0x000000008af00000, 0x000000008af00000| Complete 
| 104|0x000000008b000000, 0x000000008b100000, 0x000000008b100000|100%| E|CS|TAMS 0x000000008b000000, 0x000000008b000000| Complete 
| 105|0x000000008b100000, 0x000000008b200000, 0x000000008b200000|100%| E|CS|TAMS 0x000000008b100000, 0x000000008b100000| Complete 
| 106|0x000000008b200000, 0x000000008b300000, 0x000000008b300000|100%| E|CS|TAMS 0x000000008b200000, 0x000000008b200000| Complete 
| 107|0x000000008b300000, 0x000000008b400000, 0x000000008b400000|100%| E|CS|TAMS 0x000000008b300000, 0x000000008b300000| Complete 
| 108|0x000000008b400000, 0x000000008b500000, 0x000000008b500000|100%| E|CS|TAMS 0x000000008b400000, 0x000000008b400000| Complete 
| 109|0x000000008b500000, 0x000000008b600000, 0x000000008b600000|100%| E|CS|TAMS 0x000000008b500000, 0x000000008b500000| Complete 
| 110|0x000000008b600000, 0x000000008b700000, 0x000000008b700000|100%| E|CS|TAMS 0x000000008b600000, 0x000000008b600000| Complete 
| 111|0x000000008b700000, 0x000000008b800000, 0x000000008b800000|100%| E|CS|TAMS 0x000000008b700000, 0x000000008b700000| Complete 
| 112|0x000000008b800000, 0x000000008b900000, 0x000000008b900000|100%| E|CS|TAMS 0x000000008b800000, 0x000000008b800000| Complete 
| 113|0x000000008b900000, 0x000000008ba00000, 0x000000008ba00000|100%| E|CS|TAMS 0x000000008b900000, 0x000000008b900000| Complete 
| 114|0x000000008ba00000, 0x000000008bb00000, 0x000000008bb00000|100%| E|CS|TAMS 0x000000008ba00000, 0x000000008ba00000| Complete 
| 115|0x000000008bb00000, 0x000000008bc00000, 0x000000008bc00000|100%| E|CS|TAMS 0x000000008bb00000, 0x000000008bb00000| Complete 
| 116|0x000000008bc00000, 0x000000008bd00000, 0x000000008bd00000|100%| E|CS|TAMS 0x000000008bc00000, 0x000000008bc00000| Complete 
| 117|0x000000008bd00000, 0x000000008be00000, 0x000000008be00000|100%| E|  |TAMS 0x000000008bd00000, 0x000000008bd00000| Complete 
| 118|0x000000008be00000, 0x000000008bf00000, 0x000000008bf00000|100%| E|CS|TAMS 0x000000008be00000, 0x000000008be00000| Complete 
| 119|0x000000008bf00000, 0x000000008c000000, 0x000000008c000000|100%| E|CS|TAMS 0x000000008bf00000, 0x000000008bf00000| Complete 
| 120|0x000000008c000000, 0x000000008c100000, 0x000000008c100000|100%| E|CS|TAMS 0x000000008c000000, 0x000000008c000000| Complete 
| 121|0x000000008c100000, 0x000000008c200000, 0x000000008c200000|100%| E|CS|TAMS 0x000000008c100000, 0x000000008c100000| Complete 
| 122|0x000000008c200000, 0x000000008c300000, 0x000000008c300000|100%| E|CS|TAMS 0x000000008c200000, 0x000000008c200000| Complete 
| 123|0x000000008c300000, 0x000000008c400000, 0x000000008c400000|100%| E|CS|TAMS 0x000000008c300000, 0x000000008c300000| Complete 

Card table byte_map: [0x0000023050c50000,0x0000023051030000] _byte_map_base: 0x000002305082c000

Marking Bits (Prev, Next): (CMBitMap*) 0x0000023039191310, (CMBitMap*) 0x0000023039191350
 Prev Bits: [0x0000023051410000, 0x00000230532f0000)
 Next Bits: [0x00000230532f0000, 0x00000230551d0000)

Polling page: 0x00000230370f0000

Metaspace:

Usage:
  Non-class:     15.08 MB used.
      Class:      2.63 MB used.
       Both:     17.71 MB used.

Virtual space:
  Non-class space:       64.00 MB reserved,      15.25 MB ( 24%) committed,  1 nodes.
      Class space:        1.00 GB reserved,       2.75 MB ( <1%) committed,  1 nodes.
             Both:        1.06 GB reserved,      18.00 MB (  2%) committed. 

Chunk freelists:
   Non-Class:  592.00 KB
       Class:  1.20 MB
        Both:  1.78 MB

MaxMetaspaceSize: unlimited
CompressedClassSpaceSize: 1.00 GB
Initial GC threshold: 21.00 MB
Current GC threshold: 21.00 MB
CDS: on
MetaspaceReclaimPolicy: balanced
 - commit_granule_bytes: 65536.
 - commit_granule_words: 8192.
 - virtual_space_node_default_size: 8388608.
 - enlarge_chunks_in_place: 1.
 - new_chunks_are_fully_committed: 0.
 - uncommit_free_chunks: 1.
 - use_allocation_guard: 0.


Internal statistics:

num_allocs_failed_limit: 0.
num_arena_births: 364.
num_arena_deaths: 0.
num_vsnodes_births: 2.
num_vsnodes_deaths: 0.
num_space_committed: 288.
num_space_uncommitted: 0.
num_chunks_returned_to_freelist: 0.
num_chunks_taken_from_freelist: 930.
num_chunk_merges: 0.
num_chunk_splits: 654.
num_chunks_enlarged: 506.
num_inconsistent_stats: 0.

CodeHeap 'non-profiled nmethods': size=120000Kb used=1087Kb max_used=1087Kb free=118912Kb
 bounds [0x0000023048df0000, 0x0000023049060000, 0x0000023050320000]
CodeHeap 'profiled nmethods': size=120000Kb used=5371Kb max_used=5371Kb free=114629Kb
 bounds [0x0000023041320000, 0x0000023041860000, 0x0000023048850000]
CodeHeap 'non-nmethods': size=5760Kb used=1541Kb max_used=1562Kb free=4218Kb
 bounds [0x0000023048850000, 0x0000023048ac0000, 0x0000023048df0000]
 total_blobs=3767 nmethods=2940 adapters=736
 compilation: enabled
              stopped_count=0, restarted_count=0
 full_count=0

Compilation events (20 events):
Event: 8.182 Thread 0x0000023057e40620 2932       4       com.sun.javafx.geom.Vec3d::set (25 bytes)
Event: 8.183 Thread 0x0000023057e40620 nmethod 2932 0x0000023048efe190 code [0x0000023048efe320, 0x0000023048efe3d8]
Event: 8.191 Thread 0x0000023057e40620 2933       4       java.util.stream.ReferencePipeline$3$1::accept (23 bytes)
Event: 8.192 Thread 0x0000023057e40620 nmethod 2933 0x0000023048efe490 code [0x0000023048efe620, 0x0000023048efe6f8]
Event: 8.215 Thread 0x0000023057e40ba0 2934       1       java.util.EventObject::getSource (5 bytes)
Event: 8.215 Thread 0x0000023057e40ba0 nmethod 2934 0x0000023048efe810 code [0x0000023048efe9a0, 0x0000023048efea58]
Event: 8.246 Thread 0x0000023057e40ba0 2935       1       com.sun.glass.ui.Window$UndecoratedMoveResizeHelper::inMove (5 bytes)
Event: 8.246 Thread 0x0000023057e40ba0 nmethod 2935 0x0000023048efeb10 code [0x0000023048efeca0, 0x0000023048efed78]
Event: 8.246 Thread 0x0000023057e40ba0 2936       1       com.sun.glass.ui.Window$UndecoratedMoveResizeHelper::inResize (5 bytes)
Event: 8.246 Thread 0x0000023057e40ba0 nmethod 2936 0x0000023048efee10 code [0x0000023048efefa0, 0x0000023048eff078]
Event: 21.167 Thread 0x0000023057e40ba0 2937       3       com.sun.javafx.geom.Vec3d::<init> (5 bytes)
Event: 21.167 Thread 0x0000023057e40ba0 nmethod 2937 0x000002304185dd10 code [0x000002304185dec0, 0x000002304185e018]
Event: 21.246 Thread 0x0000023057e40ba0 2938       3       javafx.scene.Parent::getOrderedChildren (36 bytes)
Event: 21.247 Thread 0x0000023057e40ba0 nmethod 2938 0x000002304185e110 code [0x000002304185e300, 0x000002304185e708]
Event: 21.310 Thread 0x0000023057e40ba0 2939       3       java.util.concurrent.CopyOnWriteArrayList::size (6 bytes)
Event: 21.311 Thread 0x0000023057e40ba0 nmethod 2939 0x000002304185e890 code [0x000002304185ea20, 0x000002304185eb58]
Event: 86.369 Thread 0x0000023057e40620 2940       4       com.sun.javafx.tk.quantum.QuantumToolkit::postPulse (133 bytes)
Event: 86.377 Thread 0x0000023057e40620 nmethod 2940 0x0000023048eff110 code [0x0000023048eff2c0, 0x0000023048eff4b8]
Event: 86.560 Thread 0x0000023057e40620 2941       4       com.sun.javafx.tk.quantum.QuantumToolkit$$Lambda$80/0x000000080103bde8::run (8 bytes)
Event: 86.565 Thread 0x0000023057e40620 nmethod 2941 0x0000023048eff710 code [0x0000023048eff8e0, 0x0000023048effb28]

GC Heap History (4 events):
Event: 0.656 GC heap before
{Heap before GC invocations=0 (full 0):
 garbage-first heap   total 126976K, used 22528K [0x0000000084800000, 0x0000000100000000)
  region size 1024K, 23 young (23552K), 0 survivors (0K)
 Metaspace       used 6414K, committed 6656K, reserved 1114112K
  class space    used 714K, committed 832K, reserved 1048576K
}
Event: 0.659 GC heap after
{Heap after GC invocations=1 (full 0):
 garbage-first heap   total 126976K, used 3316K [0x0000000084800000, 0x0000000100000000)
  region size 1024K, 3 young (3072K), 3 survivors (3072K)
 Metaspace       used 6414K, committed 6656K, reserved 1114112K
  class space    used 714K, committed 832K, reserved 1048576K
}
Event: 1.241 GC heap before
{Heap before GC invocations=1 (full 0):
 garbage-first heap   total 126976K, used 46324K [0x0000000084800000, 0x0000000100000000)
  region size 1024K, 36 young (36864K), 3 survivors (3072K)
 Metaspace       used 14883K, committed 15232K, reserved 1114112K
  class space    used 2218K, committed 2368K, reserved 1048576K
}
Event: 1.246 GC heap after
{Heap after GC invocations=2 (full 0):
 garbage-first heap   total 126976K, used 17399K [0x0000000084800000, 0x0000000100000000)
  region size 1024K, 4 young (4096K), 4 survivors (4096K)
 Metaspace       used 14883K, committed 15232K, reserved 1114112K
  class space    used 2218K, committed 2368K, reserved 1048576K
}

Dll operation events (20 events):
Event: 0.290 Loaded shared library C:\Users\vapil\.openjfx\cache\19.0.2+1\amd64\api-ms-win-crt-locale-l1-1-0.dll
Event: 0.292 Loaded shared library C:\Users\vapil\.openjfx\cache\19.0.2+1\amd64\api-ms-win-crt-math-l1-1-0.dll
Event: 0.295 Loaded shared library C:\Users\vapil\.openjfx\cache\19.0.2+1\amd64\api-ms-win-crt-multibyte-l1-1-0.dll
Event: 0.298 Loaded shared library C:\Users\vapil\.openjfx\cache\19.0.2+1\amd64\api-ms-win-crt-private-l1-1-0.dll
Event: 0.300 Loaded shared library C:\Users\vapil\.openjfx\cache\19.0.2+1\amd64\api-ms-win-crt-process-l1-1-0.dll
Event: 0.303 Loaded shared library C:\Users\vapil\.openjfx\cache\19.0.2+1\amd64\api-ms-win-crt-runtime-l1-1-0.dll
Event: 0.305 Loaded shared library C:\Users\vapil\.openjfx\cache\19.0.2+1\amd64\api-ms-win-crt-stdio-l1-1-0.dll
Event: 0.307 Loaded shared library C:\Users\vapil\.openjfx\cache\19.0.2+1\amd64\api-ms-win-crt-string-l1-1-0.dll
Event: 0.309 Loaded shared library C:\Users\vapil\.openjfx\cache\19.0.2+1\amd64\api-ms-win-crt-time-l1-1-0.dll
Event: 0.312 Loaded shared library C:\Users\vapil\.openjfx\cache\19.0.2+1\amd64\api-ms-win-crt-utility-l1-1-0.dll
Event: 0.323 Loaded shared library C:\Users\vapil\.openjfx\cache\19.0.2+1\amd64\ucrtbase.dll
Event: 0.326 Loaded shared library C:\Users\vapil\.openjfx\cache\19.0.2+1\amd64\vcruntime140.dll
Event: 0.328 Loaded shared library C:\Users\vapil\.openjfx\cache\19.0.2+1\amd64\vcruntime140_1.dll
Event: 0.335 Loaded shared library C:\Users\vapil\.openjfx\cache\19.0.2+1\amd64\msvcp140.dll
Event: 0.337 Loaded shared library C:\Users\vapil\.openjfx\cache\19.0.2+1\amd64\msvcp140_1.dll
Event: 0.342 Loaded shared library C:\Users\vapil\.openjfx\cache\19.0.2+1\amd64\msvcp140_2.dll
Event: 0.380 Loaded shared library C:\Users\vapil\.openjfx\cache\19.0.2+1\amd64\prism_d3d.dll
Event: 0.473 Loaded shared library C:\Users\vapil\.openjfx\cache\19.0.2+1\amd64\glass.dll
Event: 0.580 Loaded shared library C:\Users\vapil\.jdks\corretto-19.0.2-1\bin\jimage.dll
Event: 0.750 Loaded shared library C:\Users\vapil\.openjfx\cache\19.0.2+1\amd64\javafx_font.dll

Deoptimization events (20 events):
Event: 1.107 Thread 0x000002305d906f30 Uncommon trap: trap_request=0xffffffde fr.pc=0x0000023048e7eaec relative=0x00000000000004ec
Event: 1.107 Thread 0x000002305d906f30 Uncommon trap: reason=class_check action=maybe_recompile pc=0x0000023048e7eaec method=java.util.regex.Pattern$Start.match(Ljava/util/regex/Matcher;ILjava/lang/CharSequence;)Z @ 44 c2
Event: 1.107 Thread 0x000002305d906f30 DEOPT PACKING pc=0x0000023048e7eaec sp=0x0000003ab3efca50
Event: 1.107 Thread 0x000002305d906f30 DEOPT UNPACKING pc=0x00000230488b6da3 sp=0x0000003ab3efc9a0 mode 2
Event: 1.210 Thread 0x000002305d906f30 Uncommon trap: trap_request=0xffffff45 fr.pc=0x0000023048e49274 relative=0x0000000000000154
Event: 1.210 Thread 0x000002305d906f30 Uncommon trap: reason=unstable_if action=reinterpret pc=0x0000023048e49274 method=java.lang.String.indexOf(II)I @ 4 c2
Event: 1.210 Thread 0x000002305d906f30 DEOPT PACKING pc=0x0000023048e49274 sp=0x0000003ab3efd6f0
Event: 1.210 Thread 0x000002305d906f30 DEOPT UNPACKING pc=0x00000230488b6da3 sp=0x0000003ab3efd620 mode 2
Event: 1.212 Thread 0x000002305d906f30 Uncommon trap: trap_request=0xffffff45 fr.pc=0x0000023048e254b4 relative=0x0000000000000194
Event: 1.212 Thread 0x000002305d906f30 Uncommon trap: reason=unstable_if action=reinterpret pc=0x0000023048e254b4 method=java.lang.String.indexOf(II)I @ 4 c2
Event: 1.212 Thread 0x000002305d906f30 DEOPT PACKING pc=0x0000023048e254b4 sp=0x0000003ab3efd680
Event: 1.212 Thread 0x000002305d906f30 DEOPT UNPACKING pc=0x00000230488b6da3 sp=0x0000003ab3efd620 mode 2
Event: 3.489 Thread 0x000002305d906f30 DEOPT PACKING pc=0x000002304149abd7 sp=0x0000003ab3ef98e0
Event: 3.489 Thread 0x000002305d906f30 DEOPT UNPACKING pc=0x00000230488b7543 sp=0x0000003ab3ef8d78 mode 0
Event: 3.642 Thread 0x000002305c996060 Uncommon trap: trap_request=0xffffff45 fr.pc=0x0000023048ee0714 relative=0x0000000000000174
Event: 3.642 Thread 0x000002305c996060 Uncommon trap: reason=unstable_if action=reinterpret pc=0x0000023048ee0714 method=java.util.WeakHashMap.matchesKey(Ljava/util/WeakHashMap$Entry;Ljava/lang/Object;)Z @ 5 c2
Event: 3.642 Thread 0x000002305c996060 DEOPT PACKING pc=0x0000023048ee0714 sp=0x0000003ab39fd510
Event: 3.642 Thread 0x000002305c996060 DEOPT UNPACKING pc=0x00000230488b6da3 sp=0x0000003ab39fd430 mode 2
Event: 4.373 Thread 0x000002305c996060 DEOPT PACKING pc=0x00000230414954c6 sp=0x0000003ab39fe280
Event: 4.373 Thread 0x000002305c996060 DEOPT UNPACKING pc=0x00000230488b7543 sp=0x0000003ab39fd710 mode 0

Classes loaded (20 events):
Event: 1.319 Loading class java/util/EnumMap$ValueIterator
Event: 1.319 Loading class java/util/EnumMap$EnumMapIterator
Event: 1.319 Loading class java/util/EnumMap$EnumMapIterator done
Event: 1.319 Loading class java/util/EnumMap$ValueIterator done
Event: 2.872 Loading class java/io/UnsupportedEncodingException
Event: 2.872 Loading class java/io/UnsupportedEncodingException done
Event: 3.164 Loading class java/time/DateTimeException
Event: 3.164 Loading class java/time/DateTimeException done
Event: 3.165 Loading class java/time/format/FormatStyle
Event: 3.166 Loading class java/time/format/FormatStyle done
Event: 3.543 Loading class java/util/BitSet
Event: 3.543 Loading class java/util/BitSet done
Event: 3.544 Loading class java/util/BitSet$1BitSetSpliterator
Event: 3.544 Loading class java/util/BitSet$1BitSetSpliterator done
Event: 3.544 Loading class java/util/stream/IntPipeline$1
Event: 3.544 Loading class java/util/stream/IntPipeline$1 done
Event: 3.544 Loading class java/util/stream/IntPipeline$1$1
Event: 3.544 Loading class java/util/stream/IntPipeline$1$1 done
Event: 118.933 Loading class jdk/internal/misc/Signal$1
Event: 118.933 Loading class jdk/internal/misc/Signal$1 done

Classes unloaded (0 events):
No events

Classes redefined (0 events):
No events

Internal exceptions (20 events):
Event: 3.489 Thread 0x000002305d906f30 Exception <a 'java/lang/ClassNotFoundException'{0x000000008bcbea58}: com/sun/javafx/scene/control/skin/resources/controls-nt_ru_RU> (0x000000008bcbea58) 
thrown [s\src\hotspot\share\prims\jni.cpp, line 536]
Event: 3.493 Thread 0x000002305d906f30 Exception <a 'java/lang/ClassCastException'{0x000000008bb312b8}: class java.lang.String cannot be cast to class javafx.scene.paint.Paint (java.lang.String is in module java.base of loader 'bootstrap'; javafx.scene.paint.Paint is in module javafx.graphics@19.0.2 of loader 'app')> (0x000000008bb312b8) 
thrown [s\src\hotspot\share\interpreter\interpreterRuntime.cpp, line 448]
Event: 3.494 Thread 0x000002305d906f30 Exception <a 'java/lang/ClassCastException'{0x000000008bb38578}: class java.lang.String cannot be cast to class javafx.scene.paint.Paint (java.lang.String is in module java.base of loader 'bootstrap'; javafx.scene.paint.Paint is in module javafx.graphics@19.0.2 of loader 'app')> (0x000000008bb38578) 
thrown [s\src\hotspot\share\interpreter\interpreterRuntime.cpp, line 448]
Event: 3.497 Thread 0x000002305d906f30 Exception <a 'java/lang/ClassCastException'{0x000000008bba0bb8}: class java.lang.String cannot be cast to class javafx.scene.paint.Paint (java.lang.String is in module java.base of loader 'bootstrap'; javafx.scene.paint.Paint is in module javafx.graphics@19.0.2 of loader 'app')> (0x000000008bba0bb8) 
thrown [s\src\hotspot\share\interpreter\interpreterRuntime.cpp, line 448]
Event: 3.500 Thread 0x000002305d906f30 Exception <a 'java/lang/ClassCastException'{0x000000008ba07540}: class java.lang.String cannot be cast to class javafx.scene.paint.Paint (java.lang.String is in module java.base of loader 'bootstrap'; javafx.scene.paint.Paint is in module javafx.graphics@19.0.2 of loader 'app')> (0x000000008ba07540) 
thrown [s\src\hotspot\share\interpreter\interpreterRuntime.cpp, line 448]
Event: 3.504 Thread 0x000002305d906f30 Exception <a 'java/lang/ClassCastException'{0x000000008ba6d7f8}: class java.lang.String cannot be cast to class javafx.scene.paint.Paint (java.lang.String is in module java.base of loader 'bootstrap'; javafx.scene.paint.Paint is in module javafx.graphics@19.0.2 of loader 'app')> (0x000000008ba6d7f8) 
thrown [s\src\hotspot\share\interpreter\interpreterRuntime.cpp, line 448]
Event: 3.508 Thread 0x000002305d906f30 Exception <a 'java/lang/ClassCastException'{0x000000008bad4138}: class java.lang.String cannot be cast to class javafx.scene.paint.Paint (java.lang.String is in module java.base of loader 'bootstrap'; javafx.scene.paint.Paint is in module javafx.graphics@19.0.2 of loader 'app')> (0x000000008bad4138) 
thrown [s\src\hotspot\share\interpreter\interpreterRuntime.cpp, line 448]
Event: 3.511 Thread 0x000002305d906f30 Exception <a 'java/lang/ClassCastException'{0x000000008b93a8a8}: class java.lang.String cannot be cast to class javafx.scene.paint.Paint (java.lang.String is in module java.base of loader 'bootstrap'; javafx.scene.paint.Paint is in module javafx.graphics@19.0.2 of loader 'app')> (0x000000008b93a8a8) 
thrown [s\src\hotspot\share\interpreter\interpreterRuntime.cpp, line 448]
Event: 3.513 Thread 0x000002305d906f30 Exception <a 'java/lang/ClassCastException'{0x000000008b9a22d8}: class java.lang.String cannot be cast to class javafx.scene.paint.Paint (java.lang.String is in module java.base of loader 'bootstrap'; javafx.scene.paint.Paint is in module javafx.graphics@19.0.2 of loader 'app')> (0x000000008b9a22d8) 
thrown [s\src\hotspot\share\interpreter\interpreterRuntime.cpp, line 448]
Event: 3.522 Thread 0x000002305d906f30 Exception <a 'java/lang/NoSuchMethodError'{0x000000008b8e4998}: 'void java.lang.invoke.DirectMethodHandle$Holder.invokeSpecialIFC(java.lang.Object, java.lang.Object, java.lang.Object, java.lang.Object)'> (0x000000008b8e4998) 
thrown [s\src\hotspot\share\interpreter\linkResolver.cpp, line 774]
Event: 3.527 Thread 0x000002305d906f30 Exception <a 'java/lang/ClassCastException'{0x000000008b737cc8}: class java.lang.String cannot be cast to class javafx.scene.paint.Paint (java.lang.String is in module java.base of loader 'bootstrap'; javafx.scene.paint.Paint is in module javafx.graphics@19.0.2 of loader 'app')> (0x000000008b737cc8) 
thrown [s\src\hotspot\share\interpreter\interpreterRuntime.cpp, line 448]
Event: 3.531 Thread 0x000002305d906f30 Exception <a 'java/lang/ClassCastException'{0x000000008b79e288}: class java.lang.String cannot be cast to class javafx.scene.paint.Paint (java.lang.String is in module java.base of loader 'bootstrap'; javafx.scene.paint.Paint is in module javafx.graphics@19.0.2 of loader 'app')> (0x000000008b79e288) 
thrown [s\src\hotspot\share\interpreter\interpreterRuntime.cpp, line 448]
Event: 3.534 Thread 0x000002305d906f30 Exception <a 'java/lang/ClassCastException'{0x000000008b604ac0}: class java.lang.String cannot be cast to class javafx.scene.paint.Paint (java.lang.String is in module java.base of loader 'bootstrap'; javafx.scene.paint.Paint is in module javafx.graphics@19.0.2 of loader 'app')> (0x000000008b604ac0) 
thrown [s\src\hotspot\share\interpreter\interpreterRuntime.cpp, line 448]
Event: 4.473 Thread 0x000002305d906f30 Exception <a 'java/io/FileNotFoundException'{0x000000008b0618a8}> (0x000000008b0618a8) 
thrown [s\src\hotspot\share\prims\jni.cpp, line 517]
Event: 4.490 Thread 0x000002305d906f30 Exception <a 'java/io/FileNotFoundException'{0x000000008b06dab8}> (0x000000008b06dab8) 
thrown [s\src\hotspot\share\prims\jni.cpp, line 517]
Event: 4.494 Thread 0x000002305d906f30 Exception <a 'java/io/FileNotFoundException'{0x000000008b078ad8}> (0x000000008b078ad8) 
thrown [s\src\hotspot\share\prims\jni.cpp, line 517]
Event: 4.499 Thread 0x000002305d906f30 Exception <a 'java/io/FileNotFoundException'{0x000000008b085248}> (0x000000008b085248) 
thrown [s\src\hotspot\share\prims\jni.cpp, line 517]
Event: 4.537 Thread 0x000002305d906f30 Exception <a 'java/lang/ClassCastException'{0x000000008b0aff90}: class java.lang.String cannot be cast to class javafx.scene.paint.Paint (java.lang.String is in module java.base of loader 'bootstrap'; javafx.scene.paint.Paint is in module javafx.graphics@19.0.2 of loader 'app')> (0x000000008b0aff90) 
thrown [s\src\hotspot\share\interpreter\interpreterRuntime.cpp, line 448]
Event: 4.543 Thread 0x000002305d906f30 Exception <a 'java/lang/ClassCastException'{0x000000008af16f50}: class java.lang.String cannot be cast to class javafx.scene.paint.Paint (java.lang.String is in module java.base of loader 'bootstrap'; javafx.scene.paint.Paint is in module javafx.graphics@19.0.2 of loader 'app')> (0x000000008af16f50) 
thrown [s\src\hotspot\share\interpreter\interpreterRuntime.cpp, line 448]
Event: 4.549 Thread 0x000002305d906f30 Exception <a 'java/lang/ClassCastException'{0x000000008af8ff28}: class java.lang.String cannot be cast to class javafx.scene.paint.Paint (java.lang.String is in module java.base of loader 'bootstrap'; javafx.scene.paint.Paint is in module javafx.graphics@19.0.2 of loader 'app')> (0x000000008af8ff28) 
thrown [s\src\hotspot\share\interpreter\interpreterRuntime.cpp, line 448]

VM Operations (20 events):
Event: 0.659 Executing VM operation: G1CollectForAllocation done
Event: 0.706 Executing VM operation: HandshakeAllThreads
Event: 0.706 Executing VM operation: HandshakeAllThreads done
Event: 0.755 Executing VM operation: HandshakeAllThreads
Event: 0.755 Executing VM operation: HandshakeAllThreads done
Event: 1.046 Executing VM operation: HandshakeAllThreads
Event: 1.046 Executing VM operation: HandshakeAllThreads done
Event: 1.110 Executing VM operation: ICBufferFull
Event: 1.110 Executing VM operation: ICBufferFull done
Event: 1.241 Executing VM operation: G1CollectForAllocation
Event: 1.246 Executing VM operation: G1CollectForAllocation done
Event: 3.245 Executing VM operation: Cleanup
Event: 3.246 Executing VM operation: Cleanup done
Event: 3.582 Executing VM operation: ICBufferFull
Event: 3.582 Executing VM operation: ICBufferFull done
Event: 5.582 Executing VM operation: Cleanup
Event: 5.582 Executing VM operation: Cleanup done
Event: 8.583 Executing VM operation: Cleanup
Event: 8.584 Executing VM operation: Cleanup done
Event: 118.936 Executing VM operation: Exit

Events (20 events):
Event: 0.138 Thread 0x000002305c3e6030 Thread added: 0x000002305c3e6030
Event: 0.369 Thread 0x000002305c996060 Thread added: 0x000002305c996060
Event: 0.474 Thread 0x000002305c1ed5d0 Thread exited: 0x000002305c1ed5d0
Event: 0.475 Thread 0x000002305c1ed5d0 Thread added: 0x000002305c1ed5d0
Event: 0.477 Thread 0x000002305d906f30 Thread added: 0x000002305d906f30
Event: 0.556 Thread 0x000002305da925d0 Thread added: 0x000002305da925d0
Event: 0.560 Thread 0x000002305db0fb30 Thread added: 0x000002305db0fb30
Event: 0.857 Thread 0x000002305dca7820 Thread added: 0x000002305dca7820
Event: 1.265 Thread 0x000002305dca82c0 Thread added: 0x000002305dca82c0
Event: 1.374 Thread 0x000002305c121ec0 Thread exited: 0x000002305c121ec0
Event: 3.548 Thread 0x000002305e3ec050 Thread added: 0x000002305e3ec050
Event: 3.862 Thread 0x000002305e3ec050 Thread exited: 0x000002305e3ec050
Event: 4.545 Thread 0x000002305e62b5e0 Thread added: 0x000002305e62b5e0
Event: 8.142 Thread 0x000002305e62b5e0 Thread exited: 0x000002305e62b5e0
Event: 118.933 Thread 0x000002305dca5840 Thread added: 0x000002305dca5840
Event: 118.934 Thread 0x000002305dca6830 Thread added: 0x000002305dca6830
Event: 118.934 Thread 0x000002305dca52f0 Thread added: 0x000002305dca52f0
Event: 118.935 Thread 0x000002305dca6830 Thread exited: 0x000002305dca6830
Event: 118.935 Thread 0x000002305dca52f0 Thread exited: 0x000002305dca52f0
Event: 118.936 Thread 0x0000023057e29c80 Thread exited: 0x0000023057e29c80


Dynamic libraries:
0x00007ff7a73b0000 - 0x00007ff7a73bd000 	C:\Users\vapil\.jdks\corretto-19.0.2-1\bin\java.exe
0x00007ffdd4f70000 - 0x00007ffdd5187000 	C:\WINDOWS\SYSTEM32\ntdll.dll
0x00007ffdd3110000 - 0x00007ffdd31d4000 	C:\WINDOWS\System32\KERNEL32.DLL
0x00007ffdd2710000 - 0x00007ffdd2ab6000 	C:\WINDOWS\System32\KERNELBASE.dll
0x00007ffdd2410000 - 0x00007ffdd2521000 	C:\WINDOWS\System32\ucrtbase.dll
0x00007ffdc2ce0000 - 0x00007ffdc2cf5000 	C:\Users\vapil\.jdks\corretto-19.0.2-1\bin\VCRUNTIME140.dll
0x00007ffdc2d00000 - 0x00007ffdc2d17000 	C:\Users\vapil\.jdks\corretto-19.0.2-1\bin\jli.dll
0x00007ffdd3cf0000 - 0x00007ffdd3e9d000 	C:\WINDOWS\System32\USER32.dll
0x00007ffdd22f0000 - 0x00007ffdd2316000 	C:\WINDOWS\System32\win32u.dll
0x00007ffdd2d80000 - 0x00007ffdd2da9000 	C:\WINDOWS\System32\GDI32.dll
0x00007ffdd25f0000 - 0x00007ffdd2708000 	C:\WINDOWS\System32\gdi32full.dll
0x00007ffdb7200000 - 0x00007ffdb7493000 	C:\WINDOWS\WinSxS\amd64_microsoft.windows.common-controls_6595b64144ccf1df_6.0.22621.2361_none_2712ced57382f843\COMCTL32.dll
0x00007ffdd2c30000 - 0x00007ffdd2cca000 	C:\WINDOWS\System32\msvcp_win.dll
0x00007ffdd4e80000 - 0x00007ffdd4f27000 	C:\WINDOWS\System32\msvcrt.dll
0x00007ffdd34e0000 - 0x00007ffdd3511000 	C:\WINDOWS\System32\IMM32.DLL
0x00007ffdb4c00000 - 0x00007ffdb4c9b000 	C:\Users\vapil\.jdks\corretto-19.0.2-1\bin\msvcp140.dll
0x00007ffd4a810000 - 0x00007ffd4b4e9000 	C:\Users\vapil\.jdks\corretto-19.0.2-1\bin\server\jvm.dll
0x00007ffdd3430000 - 0x00007ffdd34e0000 	C:\WINDOWS\System32\ADVAPI32.dll
0x00007ffdd3ef0000 - 0x00007ffdd3f96000 	C:\WINDOWS\System32\sechost.dll
0x00007ffdd38d0000 - 0x00007ffdd39e7000 	C:\WINDOWS\System32\RPCRT4.dll
0x00007ffdc78e0000 - 0x00007ffdc7914000 	C:\WINDOWS\SYSTEM32\WINMM.dll
0x00007ffd63e50000 - 0x00007ffd63e59000 	C:\WINDOWS\SYSTEM32\WSOCK32.dll
0x00007ffdc7210000 - 0x00007ffdc721a000 	C:\WINDOWS\SYSTEM32\VERSION.dll
0x00007ffdd4cf0000 - 0x00007ffdd4d61000 	C:\WINDOWS\System32\WS2_32.dll
0x00007ffdd1370000 - 0x00007ffdd1388000 	C:\WINDOWS\SYSTEM32\kernel.appcore.dll
0x00007ffdcd5e0000 - 0x00007ffdcd5ea000 	C:\Users\vapil\.jdks\corretto-19.0.2-1\bin\jimage.dll
0x00007ffdbafa0000 - 0x00007ffdbb1ce000 	C:\WINDOWS\SYSTEM32\DBGHELP.DLL
0x00007ffdd3540000 - 0x00007ffdd38ca000 	C:\WINDOWS\System32\combase.dll
0x00007ffdd3c10000 - 0x00007ffdd3ce7000 	C:\WINDOWS\System32\OLEAUT32.dll
0x00007ffdbac90000 - 0x00007ffdbacc2000 	C:\WINDOWS\SYSTEM32\dbgcore.DLL
0x00007ffdd2320000 - 0x00007ffdd239a000 	C:\WINDOWS\System32\bcryptPrimitives.dll
0x00007ffdbe1b0000 - 0x00007ffdbe1be000 	C:\Users\vapil\.jdks\corretto-19.0.2-1\bin\instrument.dll
0x00007ffdbe180000 - 0x00007ffdbe1a6000 	C:\Users\vapil\.jdks\corretto-19.0.2-1\bin\java.dll
0x00007ffda7090000 - 0x00007ffda7166000 	C:\Users\vapil\.jdks\corretto-19.0.2-1\bin\jsvml.dll
0x00007ffdd4490000 - 0x00007ffdd4ce8000 	C:\WINDOWS\System32\SHELL32.dll
0x00007ffdd0250000 - 0x00007ffdd0b42000 	C:\WINDOWS\SYSTEM32\windows.storage.dll
0x00007ffdd0110000 - 0x00007ffdd024e000 	C:\WINDOWS\SYSTEM32\wintypes.dll
0x00007ffdd3330000 - 0x00007ffdd3423000 	C:\WINDOWS\System32\SHCORE.dll
0x00007ffdd3bb0000 - 0x00007ffdd3c0e000 	C:\WINDOWS\System32\shlwapi.dll
0x00007ffdd2220000 - 0x00007ffdd2246000 	C:\WINDOWS\SYSTEM32\profapi.dll
0x00007ffdbe160000 - 0x00007ffdbe173000 	C:\Users\vapil\.jdks\corretto-19.0.2-1\bin\net.dll
0x00007ffdcbd90000 - 0x00007ffdcbec7000 	C:\WINDOWS\SYSTEM32\WINHTTP.dll
0x00007ffdd18a0000 - 0x00007ffdd1909000 	C:\WINDOWS\system32\mswsock.dll
0x00007ffdbe140000 - 0x00007ffdbe155000 	C:\Users\vapil\.jdks\corretto-19.0.2-1\bin\nio.dll
0x00007ffdb65f0000 - 0x00007ffdb6608000 	C:\Users\vapil\.jdks\corretto-19.0.2-1\bin\zip.dll
0x00007ffdb5520000 - 0x00007ffdb553a000 	C:\Users\vapil\AppData\Local\Programs\IntelliJ IDEA Community Edition\bin\breakgen64.dll
0x0000023037140000 - 0x0000023037143000 	C:\Users\vapil\.openjfx\cache\19.0.2+1\amd64\api-ms-win-core-console-l1-1-0.dll
0x00000230390b0000 - 0x00000230390b3000 	C:\Users\vapil\.openjfx\cache\19.0.2+1\amd64\api-ms-win-core-console-l1-2-0.dll
0x00000230390c0000 - 0x00000230390c3000 	C:\Users\vapil\.openjfx\cache\19.0.2+1\amd64\api-ms-win-core-datetime-l1-1-0.dll
0x00000230390d0000 - 0x00000230390d3000 	C:\Users\vapil\.openjfx\cache\19.0.2+1\amd64\api-ms-win-core-debug-l1-1-0.dll
0x00000230390e0000 - 0x00000230390e3000 	C:\Users\vapil\.openjfx\cache\19.0.2+1\amd64\api-ms-win-core-errorhandling-l1-1-0.dll
0x00000230390f0000 - 0x00000230390f4000 	C:\Users\vapil\.openjfx\cache\19.0.2+1\amd64\api-ms-win-core-file-l1-1-0.dll
0x0000023057f90000 - 0x0000023057f93000 	C:\Users\vapil\.openjfx\cache\19.0.2+1\amd64\api-ms-win-core-file-l1-2-0.dll
0x0000023057fa0000 - 0x0000023057fa3000 	C:\Users\vapil\.openjfx\cache\19.0.2+1\amd64\api-ms-win-core-file-l2-1-0.dll
0x0000023057fb0000 - 0x0000023057fb3000 	C:\Users\vapil\.openjfx\cache\19.0.2+1\amd64\api-ms-win-core-handle-l1-1-0.dll
0x0000023057fc0000 - 0x0000023057fc3000 	C:\Users\vapil\.openjfx\cache\19.0.2+1\amd64\api-ms-win-core-heap-l1-1-0.dll
0x0000023057fd0000 - 0x0000023057fd3000 	C:\Users\vapil\.openjfx\cache\19.0.2+1\amd64\api-ms-win-core-interlocked-l1-1-0.dll
0x0000023057fe0000 - 0x0000023057fe3000 	C:\Users\vapil\.openjfx\cache\19.0.2+1\amd64\api-ms-win-core-libraryloader-l1-1-0.dll
0x0000023057ff0000 - 0x0000023057ff3000 	C:\Users\vapil\.openjfx\cache\19.0.2+1\amd64\api-ms-win-core-localization-l1-2-0.dll
0x000002305cc00000 - 0x000002305cc03000 	C:\Users\vapil\.openjfx\cache\19.0.2+1\amd64\api-ms-win-core-memory-l1-1-0.dll
0x000002305cc10000 - 0x000002305cc13000 	C:\Users\vapil\.openjfx\cache\19.0.2+1\amd64\api-ms-win-core-namedpipe-l1-1-0.dll
0x000002305cc20000 - 0x000002305cc23000 	C:\Users\vapil\.openjfx\cache\19.0.2+1\amd64\api-ms-win-core-processenvironment-l1-1-0.dll
0x000002305cc30000 - 0x000002305cc33000 	C:\Users\vapil\.openjfx\cache\19.0.2+1\amd64\api-ms-win-core-processthreads-l1-1-0.dll
0x000002305cc40000 - 0x000002305cc43000 	C:\Users\vapil\.openjfx\cache\19.0.2+1\amd64\api-ms-win-core-processthreads-l1-1-1.dll
0x000002305cc50000 - 0x000002305cc53000 	C:\Users\vapil\.openjfx\cache\19.0.2+1\amd64\api-ms-win-core-profile-l1-1-0.dll
0x000002305cc60000 - 0x000002305cc63000 	C:\Users\vapil\.openjfx\cache\19.0.2+1\amd64\api-ms-win-core-rtlsupport-l1-1-0.dll
0x000002305cc70000 - 0x000002305cc73000 	C:\Users\vapil\.openjfx\cache\19.0.2+1\amd64\api-ms-win-core-string-l1-1-0.dll
0x000002305cc80000 - 0x000002305cc83000 	C:\Users\vapil\.openjfx\cache\19.0.2+1\amd64\api-ms-win-core-synch-l1-1-0.dll
0x000002305cc90000 - 0x000002305cc93000 	C:\Users\vapil\.openjfx\cache\19.0.2+1\amd64\api-ms-win-core-synch-l1-2-0.dll
0x000002305cca0000 - 0x000002305cca3000 	C:\Users\vapil\.openjfx\cache\19.0.2+1\amd64\api-ms-win-core-sysinfo-l1-1-0.dll
0x000002305ccb0000 - 0x000002305ccb3000 	C:\Users\vapil\.openjfx\cache\19.0.2+1\amd64\api-ms-win-core-timezone-l1-1-0.dll
0x000002305ccc0000 - 0x000002305ccc3000 	C:\Users\vapil\.openjfx\cache\19.0.2+1\amd64\api-ms-win-core-util-l1-1-0.dll
0x000002305ccd0000 - 0x000002305ccd3000 	C:\Users\vapil\.openjfx\cache\19.0.2+1\amd64\api-ms-win-crt-conio-l1-1-0.dll
0x000002305cce0000 - 0x000002305cce4000 	C:\Users\vapil\.openjfx\cache\19.0.2+1\amd64\api-ms-win-crt-convert-l1-1-0.dll
0x000002305ccf0000 - 0x000002305ccf3000 	C:\Users\vapil\.openjfx\cache\19.0.2+1\amd64\api-ms-win-crt-environment-l1-1-0.dll
0x000002305cd00000 - 0x000002305cd03000 	C:\Users\vapil\.openjfx\cache\19.0.2+1\amd64\api-ms-win-crt-filesystem-l1-1-0.dll
0x000002305cd10000 - 0x000002305cd13000 	C:\Users\vapil\.openjfx\cache\19.0.2+1\amd64\api-ms-win-crt-heap-l1-1-0.dll
0x000002305cd20000 - 0x000002305cd23000 	C:\Users\vapil\.openjfx\cache\19.0.2+1\amd64\api-ms-win-crt-locale-l1-1-0.dll
0x000002305cd30000 - 0x000002305cd35000 	C:\Users\vapil\.openjfx\cache\19.0.2+1\amd64\api-ms-win-crt-math-l1-1-0.dll
0x000002305cd40000 - 0x000002305cd45000 	C:\Users\vapil\.openjfx\cache\19.0.2+1\amd64\api-ms-win-crt-multibyte-l1-1-0.dll
0x000002305cd50000 - 0x000002305cd60000 	C:\Users\vapil\.openjfx\cache\19.0.2+1\amd64\api-ms-win-crt-private-l1-1-0.dll
0x000002305cd60000 - 0x000002305cd63000 	C:\Users\vapil\.openjfx\cache\19.0.2+1\amd64\api-ms-win-crt-process-l1-1-0.dll
0x000002305cd70000 - 0x000002305cd74000 	C:\Users\vapil\.openjfx\cache\19.0.2+1\amd64\api-ms-win-crt-runtime-l1-1-0.dll
0x000002305cd80000 - 0x000002305cd84000 	C:\Users\vapil\.openjfx\cache\19.0.2+1\amd64\api-ms-win-crt-stdio-l1-1-0.dll
0x000002305cd90000 - 0x000002305cd94000 	C:\Users\vapil\.openjfx\cache\19.0.2+1\amd64\api-ms-win-crt-string-l1-1-0.dll
0x000002305cda0000 - 0x000002305cda3000 	C:\Users\vapil\.openjfx\cache\19.0.2+1\amd64\api-ms-win-crt-time-l1-1-0.dll
0x000002305cdb0000 - 0x000002305cdb3000 	C:\Users\vapil\.openjfx\cache\19.0.2+1\amd64\api-ms-win-crt-utility-l1-1-0.dll
0x00007ffda6f90000 - 0x00007ffda708c000 	C:\Users\vapil\.openjfx\cache\19.0.2+1\amd64\ucrtbase.dll
0x00007ffdb5500000 - 0x00007ffdb551b000 	C:\Users\vapil\.openjfx\cache\19.0.2+1\amd64\vcruntime140.dll
0x00007ffdba590000 - 0x00007ffdba59c000 	C:\Users\vapil\.openjfx\cache\19.0.2+1\amd64\vcruntime140_1.dll
0x00007ffdb4f00000 - 0x00007ffdb4f8e000 	C:\Users\vapil\.openjfx\cache\19.0.2+1\amd64\msvcp140.dll
0x00007ffdb54f0000 - 0x00007ffdb54f9000 	C:\Users\vapil\.openjfx\cache\19.0.2+1\amd64\msvcp140_1.dll
0x00007ffdb54b0000 - 0x00007ffdb54e0000 	C:\Users\vapil\.openjfx\cache\19.0.2+1\amd64\msvcp140_2.dll
0x00007ffdb4bd0000 - 0x00007ffdb4bfc000 	C:\Users\vapil\.openjfx\cache\19.0.2+1\amd64\prism_d3d.dll
0x00007ffda1440000 - 0x00007ffda15e9000 	C:\WINDOWS\system32\d3d9.dll
0x00007ffdcfb90000 - 0x00007ffdcfbbb000 	C:\WINDOWS\SYSTEM32\dwmapi.dll
0x00007ffdcf950000 - 0x00007ffdcf986000 	C:\WINDOWS\SYSTEM32\dxcore.dll
0x00007ffdcf840000 - 0x00007ffdcf8eb000 	C:\WINDOWS\system32\uxtheme.dll
0x00007ffda0cc0000 - 0x00007ffda0d70000 	C:\WINDOWS\SYSTEM32\d3d9on12.dll
0x00007ffdcf990000 - 0x00007ffdcfa88000 	C:\WINDOWS\SYSTEM32\dxgi.dll
0x00007ffda0c70000 - 0x00007ffda0c99000 	C:\WINDOWS\SYSTEM32\d3d12.dll
0x00007ffdd1fe0000 - 0x00007ffdd202e000 	C:\WINDOWS\SYSTEM32\cfgmgr32.dll
0x00007ffda0940000 - 0x00007ffda0b43000 	C:\WINDOWS\SYSTEM32\D3D12Core.dll
0x00007ffda08a0000 - 0x00007ffda08c7000 	C:\WINDOWS\System32\DriverStore\FileRepository\iigd_dch.inf_amd64_9489d75a0d766622\igd12umd64.dll
0x00007ffd9f950000 - 0x00007ffda089b000 	C:\WINDOWS\System32\DriverStore\FileRepository\iigd_dch.inf_amd64_9489d75a0d766622\igd12um64xel.dll
0x00007ffdd2ac0000 - 0x00007ffdd2c26000 	C:\WINDOWS\System32\CRYPT32.dll
0x00007ffdd2e40000 - 0x00007ffdd2fdf000 	C:\WINDOWS\System32\ole32.dll
0x00007ffdd1cb0000 - 0x00007ffdd1cd8000 	C:\WINDOWS\SYSTEM32\bcrypt.dll
0x00007ffda99a0000 - 0x00007ffda99e4000 	C:\WINDOWS\SYSTEM32\ControlLib.dll
0x00007ffdd4010000 - 0x00007ffdd4484000 	C:\WINDOWS\System32\SETUPAPI.dll
0x00007ffdd1fb0000 - 0x00007ffdd1fdc000 	C:\WINDOWS\SYSTEM32\DEVOBJ.dll
0x00007ffdc7420000 - 0x00007ffdc74a8000 	C:\WINDOWS\System32\DriverStore\FileRepository\iigd_dch.inf_amd64_9489d75a0d766622\IntelControlLib.dll
0x00007ffdd23a0000 - 0x00007ffdd240c000 	C:\WINDOWS\System32\WINTRUST.dll
0x00007ffdd1b50000 - 0x00007ffdd1b62000 	C:\WINDOWS\SYSTEM32\MSASN1.dll
0x00007ffdcc720000 - 0x00007ffdcc76a000 	C:\WINDOWS\SYSTEM32\directxdatabasehelper.dll
0x00007ffdc6c70000 - 0x00007ffdc7044000 	C:\WINDOWS\System32\DriverStore\FileRepository\iigd_dch.inf_amd64_9489d75a0d766622\igdgmm64.dll
0x00007ffdbec00000 - 0x00007ffdc2a12000 	C:\WINDOWS\System32\DriverStore\FileRepository\iigd_dch.inf_amd64_9489d75a0d766622\igc64.dll
0x00007ffd9ed40000 - 0x00007ffd9ed6f000 	C:\WINDOWS\SYSTEM32\D3DSCache.dll
0x00007ffdd1990000 - 0x00007ffdd19bc000 	C:\WINDOWS\SYSTEM32\USERENV.dll
0x00007ffd9d8f0000 - 0x00007ffd9ec9d000 	C:\WINDOWS\System32\DriverStore\FileRepository\iigd_dch.inf_amd64_9489d75a0d766622\igd12dxva64.dll
0x00007ffd9baa0000 - 0x00007ffd9d7c0000 	C:\WINDOWS\System32\DriverStore\FileRepository\iigd_dch.inf_amd64_9489d75a0d766622\media_bin_64.dll
0x00007ffd9ba00000 - 0x00007ffd9ba27000 	C:\WINDOWS\System32\DriverStore\FileRepository\iigd_dch.inf_amd64_9489d75a0d766622\igdinfo64.dll
0x00007ffdca3a0000 - 0x00007ffdca625000 	C:\WINDOWS\SYSTEM32\twinapi.appcore.dll
0x00007ffdb4390000 - 0x00007ffdb43d2000 	C:\Users\vapil\.openjfx\cache\19.0.2+1\amd64\glass.dll
0x00007ffdd4d80000 - 0x00007ffdd4e79000 	C:\WINDOWS\System32\COMDLG32.dll
0x00007ffdd31e0000 - 0x00007ffdd332c000 	C:\WINDOWS\System32\MSCTF.dll
0x00007ffdb50d0000 - 0x00007ffdb50e4000 	C:\Users\vapil\.openjfx\cache\19.0.2+1\amd64\javafx_font.dll
0x00007ffdce150000 - 0x00007ffdce3c3000 	C:\WINDOWS\SYSTEM32\dwrite.dll

dbghelp: loaded successfully - version: 4.0.5 - missing functions: none
symbol engine: initialized successfully - sym options: 0x614 - pdb path: .;C:\Users\vapil\.jdks\corretto-19.0.2-1\bin;C:\WINDOWS\SYSTEM32;C:\WINDOWS\WinSxS\amd64_microsoft.windows.common-controls_6595b64144ccf1df_6.0.22621.2361_none_2712ced57382f843;C:\Users\vapil\.jdks\corretto-19.0.2-1\bin\server;C:\Users\vapil\AppData\Local\Programs\IntelliJ IDEA Community Edition\bin;C:\Users\vapil\.openjfx\cache\19.0.2+1\amd64;C:\WINDOWS\System32\DriverStore\FileRepository\iigd_dch.inf_amd64_9489d75a0d766622;C:\Program Files\Common Files\Microsoft Shared\Ink

VM Arguments:
jvm_args: -javaagent:C:\Users\vapil\AppData\Local\Programs\IntelliJ IDEA Community Edition\lib\idea_rt.jar=61522:C:\Users\vapil\AppData\Local\Programs\IntelliJ IDEA Community Edition\bin -Dfile.encoding=UTF-8 -Dsun.stdout.encoding=UTF-8 -Dsun.stderr.encoding=UTF-8 --module-path=C:\Users\vapil\.m2\repository\org\openjfx\javafx-controls\19.0.2\javafx-controls-19.0.2-win.jar;C:\Users\vapil\.m2\repository\org\openjfx\javafx-graphics\19.0.2\javafx-graphics-19.0.2-win.jar;E:\college\kursach\kursach\kursach\target\classes;C:\Users\vapil\.m2\repository\org\openjfx\javafx-fxml\19.0.2\javafx-fxml-19.0.2-win.jar;C:\Users\vapil\.m2\repository\org\openjfx\javafx-base\19.0.2\javafx-base-19.0.2-win.jar -Djdk.module.main=com.example.kursach 
java_command: com.example.kursach/com.example.kursach.main
java_class_path (initial): C:\Users\vapil\.m2\repository\org\openjfx\javafx-controls\19.0.2\javafx-controls-19.0.2.jar;C:\Users\vapil\.m2\repository\org\openjfx\javafx-graphics\19.0.2\javafx-graphics-19.0.2.jar;C:\Users\vapil\.m2\repository\org\openjfx\javafx-base\19.0.2\javafx-base-19.0.2.jar;C:\Users\vapil\.m2\repository\org\openjfx\javafx-fxml\19.0.2\javafx-fxml-19.0.2.jar
Launcher Type: SUN_STANDARD

[Global flags]
     intx CICompilerCount                          = 4                                         {product} {ergonomic}
     uint ConcGCThreads                            = 3                                         {product} {ergonomic}
     uint G1ConcRefinementThreads                  = 10                                        {product} {ergonomic}
   size_t G1HeapRegionSize                         = 1048576                                   {product} {ergonomic}
    uintx GCDrainStackTargetSize                   = 64                                        {product} {ergonomic}
   size_t InitialHeapSize                          = 130023424                                 {product} {ergonomic}
   size_t MarkStackSize                            = 4194304                                   {product} {ergonomic}
   size_t MaxHeapSize                              = 2071986176                                {product} {ergonomic}
   size_t MaxNewSize                               = 1242562560                                {product} {ergonomic}
   size_t MinHeapDeltaBytes                        = 1048576                                   {product} {ergonomic}
   size_t MinHeapSize                              = 8388608                                   {product} {ergonomic}
    uintx NonNMethodCodeHeapSize                   = 5839372                                {pd product} {ergonomic}
    uintx NonProfiledCodeHeapSize                  = 122909434                              {pd product} {ergonomic}
    uintx ProfiledCodeHeapSize                     = 122909434                              {pd product} {ergonomic}
    uintx ReservedCodeCacheSize                    = 251658240                              {pd product} {ergonomic}
     bool SegmentedCodeCache                       = true                                      {product} {ergonomic}
   size_t SoftMaxHeapSize                          = 2071986176                             {manageable} {ergonomic}
     bool UseCompressedClassPointers               = true                           {product lp64_product} {ergonomic}
     bool UseCompressedOops                        = true                           {product lp64_product} {ergonomic}
     bool UseG1GC                                  = true                                      {product} {ergonomic}
     bool UseLargePagesIndividualAllocation        = false                                  {pd product} {ergonomic}

Logging:
Log output configuration:
 #0: stdout all=off uptime,level,tags foldmultilines=false
 #1: stderr all=off uptime,level,tags foldmultilines=false

Environment Variables:
PATH=C:\WINDOWS\system32;C:\WINDOWS;C:\WINDOWS\System32\Wbem;C:\WINDOWS\System32\WindowsPowerShell\v1.0\;C:\WINDOWS\System32\OpenSSH\;C:\Program Files\Git\cmd;C:\Users\vapil\AppData\Local\Microsoft\WindowsApps;C:\Users\vapil\AppData\Local\JetBrains\Toolbox\scripts
USERNAME=vapil
OS=Windows_NT
PROCESSOR_IDENTIFIER=Intel64 Family 6 Model 154 Stepping 4, GenuineIntel
TMP=C:\Users\vapil\AppData\Local\Temp
TEMP=C:\Users\vapil\AppData\Local\Temp



---------------  S Y S T E M  ---------------

OS:
 Windows 11 , 64 bit Build 22621 (10.0.22621.2428)
OS uptime: 0 days 5:42 hours

CPU: total 12 (initial active 12) (12 cores per cpu, 1 threads per core) family 6 model 154 stepping 4 microcode 0x41f, cx8, cmov, fxsr, mmx, 3dnowpref, sse, sse2, sse3, ssse3, sse4.1, sse4.2, popcnt, lzcnt, tsc, tscinvbit, avx, avx2, aes, erms, clmul, bmi1, bmi2, adx, sha, fma, vzeroupper, clflush, clflushopt, clwb, serialize, rdtscp, rdpid, fsrm

Memory: 4k page, system-wide physical 7896M (505M free)
TotalPageFile size 20915M (AvailPageFile size 3429M)
current process WorkingSet (physical memory assigned to process): 264M, peak: 285M
current process commit charge ("private bytes"): 383M, peak: 405M

vm_info: OpenJDK 64-Bit Server VM (19.0.2+7-FR) for windows-amd64 JRE (19.0.2+7-FR), built on Jan 13 2023 22:53:32 by "Administrator" with MS VC++ 15.9 (VS2017)

END.
